Scope: all 7 workspace projects
? Verifying lockfile against supply-chain policies (1437 entries)...

   ╭─────────────────────────────────────────╮
   │                                         │
   │   Update available! 11.5.3 → 11.6.0.    │
   │   Changelog: https://pnpm.io/v/11.6.0   │
   │    To update, run: pnpm add -g pnpm     │
   │                                         │
   ╰─────────────────────────────────────────╯

✓ Lockfile passes supply-chain policies (1437 entries in 11.1s)
../..                                    | [WARN] Moving @types/node that was installed by a different package manager to "node_modules/.ignored"
../..                                    | [WARN] Moving pnpm that was installed by a different package manager to "node_modules/.ignored"
../..                                    | [WARN] Moving turbo that was installed by a different package manager to "node_modules/.ignored"
../..                                    | [WARN] Moving typescript that was installed by a different package manager to "node_modules/.ignored"
../..                                    | Progress: resolved 1, reused 0, downloaded 0, added 0
../mobile                                | [WARN] deprecated @types/react-native@0.73.0
[WARN] GET https://registry.npmjs.org/babel-plugin-module-resolver/-/babel-plugin-module-resolver-5.0.3.tgz error (unknown). Will retry in 10 seconds. 2 retries left.
[WARN] GET https://registry.npmjs.org/@types/react-native/-/react-native-0.73.0.tgz error (unknown). Will retry in 10 seconds. 2 retries left.
[WARN] GET https://registry.npmjs.org/@types/react/-/react-18.3.31.tgz error (unknown). Will retry in 10 seconds. 2 retries left.
[WARN] GET https://registry.npmjs.org/@tanstack/react-query/-/react-query-5.101.0.tgz error (unknown). Will retry in 10 seconds. 2 retries left.
../..                                    | Progress: resolved 36, reused 0, downloaded 0, added 0
../..                                    | Progress: resolved 55, reused 0, downloaded 0, added 0
[WARN] deprecated recharts@2.12.7: 1.x and 2.x branches are no longer active. Bump to Recharts v3 to receive latest features and bugfixes. See https://github.com/recharts/recharts/wiki/3.0-migration-guide
../..                                    | Progress: resolved 96, reused 0, downloaded 0, added 0
../..                                    | Progress: resolved 100, reused 0, downloaded 0, added 0
../..                                    | Progress: resolved 104, reused 0, downloaded 0, added 0
../..                                    | Progress: resolved 199, reused 0, downloaded 0, added 0
../..                                    | Progress: resolved 275, reused 0, downloaded 0, added 0
../..                                    | Progress: resolved 347, reused 0, downloaded 0, added 0
[WARN] GET https://registry.npmjs.org/@types/react/-/react-18.3.31.tgz error (unknown). Will retry in 1 minute. 1 retries left.
[WARN] GET https://registry.npmjs.org/babel-plugin-module-resolver/-/babel-plugin-module-resolver-5.0.3.tgz error (unknown). Will retry in 1 minute. 1 retries left.
[WARN] GET https://registry.npmjs.org/@types/react-native/-/react-native-0.73.0.tgz error (unknown). Will retry in 1 minute. 1 retries left.
../..                                    | Progress: resolved 414, reused 0, downloaded 0, added 0
[WARN] GET https://registry.npmjs.org/@tanstack/react-query/-/react-query-5.101.0.tgz error (unknown). Will retry in 1 minute. 1 retries left.
../..                                    | Progress: resolved 557, reused 0, downloaded 0, added 0
../..                                    | Progress: resolved 715, reused 0, downloaded 0, added 0
../..                                    | Progress: resolved 915, reused 0, downloaded 0, added 0
../..                                    | Progress: resolved 1050, reused 0, downloaded 0, added 0
../..                                    | Progress: resolved 1266, reused 0, downloaded 0, added 0
../..                                    | Progress: resolved 1442, reused 0, downloaded 0, added 0
../..                                    | Progress: resolved 1475, reused 0, downloaded 0, added 0
../..                                    | Progress: resolved 1476, reused 0, downloaded 0, added 0
[WARN] 30 deprecated subdependencies found: @babel/plugin-proposal-async-generator-functions@7.20.7, @babel/plugin-proposal-class-properties@7.18.6, @babel/plugin-proposal-logical-assignment-operators@7.20.7, @babel/plugin-proposal-nullish-coalescing-operator@7.18.6, @babel/plugin-proposal-numeric-separator@7.18.6, @babel/plugin-proposal-object-rest-spread@7.20.7, @babel/plugin-proposal-optional-catch-binding@7.18.6, @babel/plugin-proposal-optional-chaining@7.21.0, @esbuild-kit/core-utils@3.3.2, @esbuild-kit/esm-loader@2.6.5, @react-navigation/bottom-tabs@6.5.20, @react-navigation/core@6.4.17, @react-navigation/elements@1.3.31, @react-navigation/native@6.1.18, @react-navigation/routers@6.1.9, @xmldom/xmldom@0.7.13, glob@10.5.0, glob@7.1.6, glob@7.2.3, glob@9.3.5, inflight@1.0.6, metro-react-native-babel-preset@0.76.8, osenv@0.1.5, querystring@0.2.1, rimraf@2.6.3, rimraf@3.0.2, sudo-prompt@9.2.1, tar@6.2.1, uuid@7.0.3, uuid@8.3.2
../..                                    |    +1401 ++++++++++++++++++++++++++++
[ERROR] Worker pnpm#3 exited with code 1

This error happened while installing a direct dependency of /tmp/cc-agent/67823963/project/apps/web

pnpm: Worker pnpm#3 exited with code 1
    at Worker.<anonymous> (file:///tmp/cc-agent/67823963/project/node_modules/pnpm/dist/pnpm.mjs:929:27)
    at Object.onceWrapper (node:events:634:26)
    at Worker.emit (node:events:519:28)
    at [kOnExit] (node:internal/worker:318:10)
    at Worker.<computed>.onexit (node:internal/worker:232:20)
[ERROR] Command failed with exit code 1: pnpm install

pnpm: Command failed with exit code 1: pnpm install
    at getFinalError (file:///tmp/cc-agent/67823963/project/node_modules/pnpm/dist/pnpm.mjs:34053:14)
    at makeError (file:///tmp/cc-agent/67823963/project/node_modules/pnpm/dist/pnpm.mjs:36360:21)
    at getSyncResult (file:///tmp/cc-agent/67823963/project/node_modules/pnpm/dist/pnpm.mjs:38204:10)
    at spawnSubprocessSync (file:///tmp/cc-agent/67823963/project/node_modules/pnpm/dist/pnpm.mjs:38164:14)
    at execaCoreSync (file:///tmp/cc-agent/67823963/project/node_modules/pnpm/dist/pnpm.mjs:38094:23)
    at callBoundExeca (file:///tmp/cc-agent/67823963/project/node_modules/pnpm/dist/pnpm.mjs:40622:23)
    at boundExeca (file:///tmp/cc-agent/67823963/project/node_modules/pnpm/dist/pnpm.mjs:40599:49)
    at sync (file:///tmp/cc-agent/67823963/project/node_modules/pnpm/dist/pnpm.mjs:40754:14)
    at runPnpmCli (file:///tmp/cc-agent/67823963/project/node_modules/pnpm/dist/pnpm.mjs:244318:5)
    at runDepsStatusCheck (file:///tmp/cc-agent/67823963/project/node_modules/pnpm/dist/pnpm.mjs:246050:7)
